[debug] [2020-10-28T11:35:22.803Z] ----------------------------------------------------------------------
[debug] [2020-10-28T11:35:22.808Z] Command:       C:\Program Files\nodejs\node.exe C:\Users\codejack\AppData\Roaming\npm\node_modules\firebase-tools\lib\bin\firebase.js init
[debug] [2020-10-28T11:35:22.809Z] CLI Version:   8.0.2
[debug] [2020-10-28T11:35:22.809Z] Platform:      win32
[debug] [2020-10-28T11:35:22.809Z] Node Version:  v12.14.1
[debug] [2020-10-28T11:35:22.889Z] Time:          Wed Oct 28 2020 12:35:22 GMT+0100 (Central European Standard Time)
[debug] [2020-10-28T11:35:22.890Z] ----------------------------------------------------------------------
[debug] [2020-10-28T11:35:22.890Z] 
[debug] [2020-10-28T11:35:22.957Z] > command requires scopes: ["email","openid","https://www.googleapis.com/auth/cloudplatformprojects.readonly","https://www.googleapis.com/auth/firebase","https://www.googleapis.com/auth/cloud-platform"]
[debug] [2020-10-28T11:35:22.959Z] > authorizing via signed-in user
[info] 
     ######## #### ########  ######## ########     ###     ######  ########
     ##        ##  ##     ## ##       ##     ##  ##   ##  ##       ##
     ######    ##  ########  ######   ########  #########  ######  ######
     ##        ##  ##    ##  ##       ##     ## ##     ##       ## ##
     ##       #### ##     ## ######## ########  ##     ##  ######  ########

You're about to initialize a Firebase project in this directory:

  D:\Project X\ship\2020\google

Before we get started, keep in mind:

  * You are initializing in an existing Firebase project directory

